0 info it worked if it ends with ok
1 verbose cli [ '/usr/local/bin/node',
1 verbose cli   '/usr/local/bin/npm',
1 verbose cli   'run',
1 verbose cli   'dev-build' ]
2 info using npm@2.15.8
3 info using node@v4.4.7
4 verbose stack Error: ENOENT: no such file or directory, open '/Users/philippzehnder/Coding/fzi/semantic-epa-parent/package.json'
4 verbose stack     at Error (native)
5 verbose cwd /Users/philippzehnder/Coding/fzi/semantic-epa-parent
6 error Darwin 15.6.0
7 error argv "/usr/local/bin/node" "/usr/local/bin/npm" "run" "dev-build"
8 error node v4.4.7
9 error npm  v2.15.8
10 error path /Users/philippzehnder/Coding/fzi/semantic-epa-parent/package.json
11 error code ENOENT
12 error errno -2
13 error syscall open
14 error enoent ENOENT: no such file or directory, open '/Users/philippzehnder/Coding/fzi/semantic-epa-parent/package.json'
14 error enoent This is most likely not a problem with npm itself
14 error enoent and is related to npm not being able to find a file.
15 verbose exit [ -2, true ]
